{
  "stats": {
    "suites": 1,
    "tests": 8,
    "passes": 8,
    "pending": 0,
    "failures": 0,
    "start": "2020-12-23T21:15:18.184Z",
    "end": "2020-12-23T21:15:19.506Z",
    "duration": 1322,
    "testsRegistered": 8,
    "passPercent": 100,
    "pendingPercent": 0,
    "other": 0,
    "hasOther": false,
    "skipped": 0,
    "hasSkipped": false
  },
  "results": [
    {
      "uuid": "c8be834b-8fdc-4c01-af34-c302e83f48ad",
      "title": "",
      "fullFile": "",
      "file": "",
      "beforeHooks": [],
      "afterHooks": [],
      "tests": [],
      "suites": [
        {
          "uuid": "ebb3d423-b223-44ec-bf15-9435fe21e5b6",
          "title": "user",
          "fullFile": "/home/pablo/Documents/itcodium/reactjs-course/front/tests/store/user.js",
          "file": "/tests/store/user.js",
          "beforeHooks": [],
          "afterHooks": [
            {
              "title": "\"after all\" hook in \"user\"",
              "fullTitle": "user \"after all\" hook in \"user\"",
              "timedOut": false,
              "duration": 0,
              "state": null,
              "speed": null,
              "pass": false,
              "fail": false,
              "pending": false,
              "context": null,
              "code": "done();",
              "err": {},
              "uuid": "30675716-fbd2-47b4-a7d9-e2c4bada25e5",
              "parentUUID": "ebb3d423-b223-44ec-bf15-9435fe21e5b6",
              "isHook": true,
              "skipped": false
            }
          ],
          "tests": [
            {
              "title": "Login user ok",
              "fullTitle": "user Login user ok",
              "timedOut": false,
              "duration": 371,
              "state": "passed",
              "speed": "slow",
              "pass": true,
              "fail": false,
              "pending": false,
              "context": null,
              "code": "chai.request(apiUrl)\n  .post(\"/login\")\n  .send(UserData.login)\n  .end(function (err, res) {\n    FileHelper.saveToFile(__dirname + '/data/user_login.json', res.text);\n    const response = JSON.parse(res.text);\n    chai.expect(response).to.have.property('status');\n    chai.expect(response).to.have.property('data');\n    chai.expect(response.data).to.have.property('user');\n    chai.expect(response.data).to.have.property('token');\n    UserData.token = response.data.token;\n    done();\n  });",
              "err": {},
              "uuid": "19efcec6-2147-4480-a0ee-60570fe6af8d",
              "parentUUID": "ebb3d423-b223-44ec-bf15-9435fe21e5b6",
              "isHook": false,
              "skipped": false
            },
            {
              "title": "Login not valid",
              "fullTitle": "user Login not valid",
              "timedOut": false,
              "duration": 30,
              "state": "passed",
              "speed": "fast",
              "pass": true,
              "fail": false,
              "pending": false,
              "context": null,
              "code": "chai.request(apiUrl)\n  .post(\"/login\")\n  .send(UserData.login_not_valid)\n  .end(function (err, res) {\n    FileHelper.saveToFile(__dirname + '/data/user_login_not_valid.json', res.text);\n    const response = JSON.parse(res.text);\n    chai.expect(response).to.have.property('status');\n    chai.expect(response.status).to.equal(\"error\");\n    chai.expect(response).to.have.property('message');\n    chai.expect(response.message).to.equal(\"El usuario o contraseña no validos\");\n    done();\n  });",
              "err": {},
              "uuid": "a44e0a2e-7e67-43f7-bd46-8bfee6ca1418",
              "parentUUID": "ebb3d423-b223-44ec-bf15-9435fe21e5b6",
              "isHook": false,
              "skipped": false
            },
            {
              "title": "Save Expired Token",
              "fullTitle": "user Save Expired Token",
              "timedOut": false,
              "duration": 66,
              "state": "passed",
              "speed": "medium",
              "pass": true,
              "fail": false,
              "pending": false,
              "context": null,
              "code": "chai.request(apiUrl)\n  .post(\"/user\")\n  .send(UserData.user[0])\n  .set('Authorization', 'Bearer ' + UserData.expired_token)\n  .end(function (err, res) {\n    FileHelper.saveToFile(__dirname + '/data/user_expired_token.json', res.text);\n    const response = JSON.parse(res.text);\n    chai.expect(response).to.have.property('status');\n    chai.expect(response).to.have.property('message');\n    chai.expect(response.status).to.equal(\"error\");\n    chai.expect(response.message).to.equal(\"Expired token\");\n    done();\n  });",
              "err": {},
              "uuid": "563a2543-d1a1-4757-9b9a-877a044c455c",
              "parentUUID": "ebb3d423-b223-44ec-bf15-9435fe21e5b6",
              "isHook": false,
              "skipped": false
            },
            {
              "title": "Save user[0]",
              "fullTitle": "user Save user[0]",
              "timedOut": false,
              "duration": 171,
              "state": "passed",
              "speed": "slow",
              "pass": true,
              "fail": false,
              "pending": false,
              "context": null,
              "code": "chai.request(apiUrl)\n  .post(\"/user\")\n  .send(UserData.user[0])\n  .set('Authorization', 'Bearer ' + UserData.token)\n  .end(function (err, res) {\n    FileHelper.saveToFile(__dirname + '/data/user_0.post.json', res.text);\n    const response = JSON.parse(res.text);\n    chai.expect(response).to.have.property('status');\n    chai.expect(response).to.have.property('data');\n    chai.expect(response.data).to.have.property('id');\n    chai.expect(response.data).to.have.property('row_count');\n    chai.expect(response.data.row_count).to.equal(1);\n    UserData.user[0].id_user = response.data.id;\n    done();\n  });",
              "err": {},
              "uuid": "59c13858-2a42-4669-ac0e-576cda692b28",
              "parentUUID": "ebb3d423-b223-44ec-bf15-9435fe21e5b6",
              "isHook": false,
              "skipped": false
            },
            {
              "title": "Update user",
              "fullTitle": "user Update user",
              "timedOut": false,
              "duration": 175,
              "state": "passed",
              "speed": "slow",
              "pass": true,
              "fail": false,
              "pending": false,
              "context": null,
              "code": "var user = UserData.getUserOneUpdate();\nchai.request(apiUrl)\n  .put(\"/user/\" + user.id_user)\n  .set('Authorization', 'Bearer ' + UserData.token)\n  .send(user)\n  .end(function (err, res) {\n    FileHelper.saveToFile(__dirname + '/data/user.updated.id.' + user.id_user + '.json', JSON.stringify(res));\n    const response = JSON.parse(res.text);\n    chai.expect(response).to.have.property('status');\n    chai.expect(response.status).to.equal(\"ok\");\n    chai.expect(response).to.have.property('data');\n    chai.expect(response.data).to.have.property('row_count');\n    chai.expect(response.data.row_count).to.equal(1);\n    done();\n  });",
              "err": {},
              "uuid": "066a7ba7-ef77-488e-a2a4-ebc98a0bbb20",
              "parentUUID": "ebb3d423-b223-44ec-bf15-9435fe21e5b6",
              "isHook": false,
              "skipped": false
            },
            {
              "title": "Get By Id",
              "fullTitle": "user Get By Id",
              "timedOut": false,
              "duration": 78,
              "state": "passed",
              "speed": "slow",
              "pass": true,
              "fail": false,
              "pending": false,
              "context": null,
              "code": "var id = UserData.user[0].id_user;\nchai.request(apiUrl)\n  .get(\"/user/\" + id)\n  .set('Authorization', 'Bearer ' + UserData.token)\n  .end(function (err, res) {\n    FileHelper.saveToFile(__dirname + '/data/userById.' + id + '.json', res.text);\n    const response = JSON.parse(res.text);\n    chai.expect(response).to.have.property('status');\n    chai.expect(response).to.have.property('data');\n    chai.expect(response.status).to.equal(\"ok\");\n    done();\n  });",
              "err": {},
              "uuid": "fd333c4e-f877-4dd9-9f56-ce1d035ba0e6",
              "parentUUID": "ebb3d423-b223-44ec-bf15-9435fe21e5b6",
              "isHook": false,
              "skipped": false
            },
            {
              "title": "List",
              "fullTitle": "user List",
              "timedOut": false,
              "duration": 58,
              "state": "passed",
              "speed": "medium",
              "pass": true,
              "fail": false,
              "pending": false,
              "context": null,
              "code": "chai.request(apiUrl)\n  .get(\"/user\")\n  .set('Authorization', 'Bearer ' + UserData.token)\n  .end(function (err, res) {\n    FileHelper.saveToFile(__dirname + '/data/user.json', res.text);\n    const response = JSON.parse(res.text);\n    chai.expect(response).to.have.property('status');\n    chai.expect(response).to.have.property('data');\n    chai.expect(response.status).to.equal(\"ok\");\n    done();\n  });",
              "err": {},
              "uuid": "0a30b2af-ebf8-44d5-89ed-3e7b48631417",
              "parentUUID": "ebb3d423-b223-44ec-bf15-9435fe21e5b6",
              "isHook": false,
              "skipped": false
            },
            {
              "title": "Delete By Id",
              "fullTitle": "user Delete By Id",
              "timedOut": false,
              "duration": 300,
              "state": "passed",
              "speed": "slow",
              "pass": true,
              "fail": false,
              "pending": false,
              "context": null,
              "code": "var id = UserData.user[0].id_user;\nchai.request(apiUrl)\n  .delete(\"/user/\" + id)\n  .set('Authorization', 'Bearer ' + UserData.token)\n  .end(function (err, res) {\n    FileHelper.saveToFile(__dirname + '/data/user.delete.id.' + id + '.json', res.text);\n    const response = JSON.parse(res.text);\n    chai.expect(response).to.have.property('status');\n    chai.expect(response.status).to.equal(\"ok\");\n    chai.expect(response).to.have.property('data');\n    chai.expect(response.data).to.have.property('row_count');\n    chai.expect(response.data.row_count).to.equal(1);\n    done();\n  });",
              "err": {},
              "uuid": "d7e9029e-7dc5-4c7c-a74e-9d4a7773638d",
              "parentUUID": "ebb3d423-b223-44ec-bf15-9435fe21e5b6",
              "isHook": false,
              "skipped": false
            }
          ],
          "suites": [],
          "passes": [
            "19efcec6-2147-4480-a0ee-60570fe6af8d",
            "a44e0a2e-7e67-43f7-bd46-8bfee6ca1418",
            "563a2543-d1a1-4757-9b9a-877a044c455c",
            "59c13858-2a42-4669-ac0e-576cda692b28",
            "066a7ba7-ef77-488e-a2a4-ebc98a0bbb20",
            "fd333c4e-f877-4dd9-9f56-ce1d035ba0e6",
            "0a30b2af-ebf8-44d5-89ed-3e7b48631417",
            "d7e9029e-7dc5-4c7c-a74e-9d4a7773638d"
          ],
          "failures": [],
          "pending": [],
          "skipped": [],
          "duration": 1249,
          "root": false,
          "rootEmpty": false,
          "_timeout": 2000
        }
      ],
      "passes": [],
      "failures": [],
      "pending": [],
      "skipped": [],
      "duration": 0,
      "root": true,
      "rootEmpty": true,
      "_timeout": 2000
    }
  ],
  "meta": {
    "mocha": {
      "version": "8.2.1"
    },
    "mochawesome": {
      "options": {
        "quiet": false,
        "reportFilename": "mochawesome",
        "saveHtml": true,
        "saveJson": true,
        "consoleReporter": "spec",
        "useInlineDiffs": false,
        "code": true
      },
      "version": "6.2.1"
    },
    "marge": {
      "options": {
        "overwrite": "true",
        "reportDir": "tests/reports"
      },
      "version": "5.1.0"
    }
  }
}